#
# There is insufficient memory for the Java Runtime Environment to continue.
# Native memory allocation (malloc) failed to allocate 225616 bytes for Chunk::new
# Possible reasons:
#   The system is out of physical RAM or swap space
#   The process is running with CompressedOops enabled, and the Java Heap may be blocking the growth of the native heap
# Possible solutions:
#   Reduce memory load on the system
#   Increase physical memory or swap space
#   Check if swap backing store is full
#   Decrease Java heap size (-Xmx/-Xms)
#   Decrease number of Java threads
#   Decrease Java thread stack sizes (-Xss)
#   Set larger code cache with -XX:ReservedCodeCacheSize=
#   JVM is running with Unscaled Compressed Oops mode in which the Java heap is
#     placed in the first 4GB address space. The Java Heap base address is the
#     maximum limit for the native heap growth. Please use -XX:HeapBaseMinAddress
#     to set the Java Heap base and to place the Java Heap above 4GB virtual address.
# This output file may be truncated or incomplete.
#
#  Out of Memory Error (./src/hotspot/share/memory/arena.cpp:197), pid=20840, tid=21568
#
# JRE version: OpenJDK Runtime Environment (11.0.13) (build 11.0.13+0-b1751.21-8125866)
# Java VM: OpenJDK 64-Bit Server VM (11.0.13+0-b1751.21-8125866, mixed mode, tiered, compressed oops, g1 gc, windows-amd64)
# No core dump will be written. Minidumps are not enabled by default on client versions of Windows
#

---------------  S U M M A R Y ------------

Command Line: -Dorg.gradle.appname=gradlew org.gradle.wrapper.GradleWrapperMain -q -Ptarget-platform=android-x86 -Ptarget=F:\Desktop\FLUTTER_NewsApp-master\lib\main.dart -Pbase-application-name=android.app.Application -Pdart-defines=Zmx1dHRlci5pbnNwZWN0b3Iuc3RydWN0dXJlZEVycm9ycz10cnVl,RkxVVFRFUl9XRUJfQVVUT19ERVRFQ1Q9dHJ1ZQ== -Pdart-obfuscation=false -Ptrack-widget-creation=true -Ptree-shake-icons=false -Pfilesystem-scheme=org-dartlang-root assembleDebug

Host: AMD Ryzen 7 5800H with Radeon Graphics         , 16 cores, 5G,  Windows 10 , 64 bit Build 19041 (10.0.19041.207)
Time: Fri Oct 28 16:17:21 2022 Central Europe Daylight Time elapsed time: 17.274794 seconds (0d 0h 0m 17s)

---------------  T H R E A D  ---------------

Current thread (0x000002433b4b4000):  JavaThread "C2 CompilerThread0" daemon [_thread_in_native, id=21568, stack(0x0000008a01900000,0x0000008a01a00000)]


Current CompileTask:
C2:  17274 1365 % !   4       java.io.BufferedReader::readLine @ 131 (304 bytes)

Stack: [0x0000008a01900000,0x0000008a01a00000]
Native frames: (J=compiled Java code, j=interpreted, Vv=VM code, C=native code)
V  [jvm.dll+0x6100fa]
V  [jvm.dll+0x747090]
V  [jvm.dll+0x7486ad]
V  [jvm.dll+0x748d83]
V  [jvm.dll+0x24ab48]
V  [jvm.dll+0xc04dc]
V  [jvm.dll+0xc0a0c]
V  [jvm.dll+0x35eb9d]
V  [jvm.dll+0x32b833]
V  [jvm.dll+0x32ad2a]
V  [jvm.dll+0x2032b2]
V  [jvm.dll+0x202437]
V  [jvm.dll+0x188e01]
V  [jvm.dll+0x21106b]
V  [jvm.dll+0x20f8c1]
V  [jvm.dll+0x70de0f]
V  [jvm.dll+0x706a75]
V  [jvm.dll+0x60ed66]
C  [ucrtbase.dll+0x21542]
C  [KERNEL32.DLL+0x16fd4]
C  [ntdll.dll+0x4cec1]


---------------  P R O C E S S  ---------------

Threads class SMR info:
_java_thread_list=0x000002433ccb1440, length=14, elements={
0x0000024321982000, 0x000002433b493800, 0x000002433b49c000, 0x000002433b4ae800,
0x000002433b4af000, 0x000002433b4b1000, 0x000002433b4b4000, 0x000002433b4ba800,
0x000002433b4c5800, 0x000002433bf79000, 0x000002433c774800, 0x000002433cf73000,
0x000002433ce7f800, 0x000002433cd37000
}

Java Threads: ( => current thread )
  0x0000024321982000 JavaThread "main" [_thread_in_native, id=15684, stack(0x0000008a00d00000,0x0000008a00e00000)]
  0x000002433b493800 JavaThread "Reference Handler" daemon [_thread_blocked, id=19688, stack(0x0000008a01400000,0x0000008a01500000)]
  0x000002433b49c000 JavaThread "Finalizer" daemon [_thread_blocked, id=20804, stack(0x0000008a01500000,0x0000008a01600000)]
  0x000002433b4ae800 JavaThread "Signal Dispatcher" daemon [_thread_blocked, id=6964, stack(0x0000008a01600000,0x0000008a01700000)]
  0x000002433b4af000 JavaThread "Attach Listener" daemon [_thread_blocked, id=19988, stack(0x0000008a01700000,0x0000008a01800000)]
  0x000002433b4b1000 JavaThread "Service Thread" daemon [_thread_blocked, id=17976, stack(0x0000008a01800000,0x0000008a01900000)]
=>0x000002433b4b4000 JavaThread "C2 CompilerThread0" daemon [_thread_in_native, id=21568, stack(0x0000008a01900000,0x0000008a01a00000)]
  0x000002433b4ba800 JavaThread "C1 CompilerThread0" daemon [_thread_blocked, id=22460, stack(0x0000008a01a00000,0x0000008a01b00000)]
  0x000002433b4c5800 JavaThread "Sweeper thread" daemon [_thread_blocked, id=2608, stack(0x0000008a01b00000,0x0000008a01c00000)]
  0x000002433bf79000 JavaThread "Common-Cleaner" daemon [_thread_blocked, id=18608, stack(0x0000008a01d00000,0x0000008a01e00000)]
  0x000002433c774800 JavaThread "pool-1-thread-1" [_thread_blocked, id=17480, stack(0x0000008a02100000,0x0000008a02200000)]
  0x000002433cf73000 JavaThread "DisconnectableInputStream source reader" daemon [_thread_in_native, id=10160, stack(0x0000008a02300000,0x0000008a02400000)]
  0x000002433ce7f800 JavaThread "C1 CompilerThread1" daemon [_thread_blocked, id=13236, stack(0x0000008a01e00000,0x0000008a01f00000)]
  0x000002433cd37000 JavaThread "C1 CompilerThread2" daemon [_thread_blocked, id=21176, stack(0x0000008a01f00000,0x0000008a02000000)]

Other Threads:
  0x000002433b46d000 VMThread "VM Thread" [stack: 0x0000008a01300000,0x0000008a01400000] [id=20984]
  0x000002433bf6e800 WatcherThread [stack: 0x0000008a01c00000,0x0000008a01d00000] [id=4812]
  0x000002432199a000 GCTaskThread "GC Thread#0" [stack: 0x0000008a00e00000,0x0000008a00f00000] [id=21164]
  0x000002433c81a000 GCTaskThread "GC Thread#1" [stack: 0x0000008a02000000,0x0000008a02100000] [id=18212]
  0x00000243219c5800 ConcurrentGCThread "G1 Main Marker" [stack: 0x0000008a00f00000,0x0000008a01000000] [id=9456]
  0x00000243219c7000 ConcurrentGCThread "G1 Conc#0" [stack: 0x0000008a01000000,0x0000008a01100000] [id=20320]
  0x0000024321a4f000 ConcurrentGCThread "G1 Refine#0" [stack: 0x0000008a01100000,0x0000008a01200000] [id=17116]
  0x000002433b2e0800 ConcurrentGCThread "G1 Young RemSet Sampling" [stack: 0x0000008a01200000,0x0000008a01300000] [id=2588]

Threads with active compile tasks:
C2 CompilerThread0  17293 1365 % !   4       java.io.BufferedReader::readLine @ 131 (304 bytes)

VM state:not at safepoint (normal execution)

VM Mutex/Monitor currently owned by a thread: None

Heap address: 0x00000000a2400000, size: 1500 MB, Compressed Oops mode: 32-bit
Narrow klass base: 0x0000000000000000, Narrow klass shift: 3
Compressed class space size: 1073741824 Address: 0x0000000100000000

Heap:
 garbage-first heap   total 96256K, used 28641K [0x00000000a2400000, 0x0000000100000000)
  region size 1024K, 23 young (23552K), 3 survivors (3072K)
 Metaspace       used 15067K, capacity 15401K, committed 15488K, reserved 1062912K
  class space    used 1708K, capacity 1839K, committed 1920K, reserved 1048576K
Heap Regions: E=young(eden), S=young(survivor), O=old, HS=humongous(starts), HC=humongous(continues), CS=collection set, F=free, A=archive, TAMS=top-at-mark-start (previous, next)
|   0|0x00000000a2400000, 0x00000000a2400000, 0x00000000a2500000|  0%| F|  |TAMS 0x00000000a2400000, 0x00000000a2400000| Untracked 
|   1|0x00000000a2500000, 0x00000000a2500000, 0x00000000a2600000|  0%| F|  |TAMS 0x00000000a2500000, 0x00000000a2500000| Untracked 
|   2|0x00000000a2600000, 0x00000000a2600000, 0x00000000a2700000|  0%| F|  |TAMS 0x00000000a2600000, 0x00000000a2600000| Untracked 
|   3|0x00000000a2700000, 0x00000000a2800000, 0x00000000a2800000|100%|HS|  |TAMS 0x00000000a2700000, 0x00000000a2700000| Complete 
|   4|0x00000000a2800000, 0x00000000a2900000, 0x00000000a2900000|100%|HC|  |TAMS 0x00000000a2800000, 0x00000000a2800000| Complete 
|   5|0x00000000a2900000, 0x00000000a2a00000, 0x00000000a2a00000|100%|HC|  |TAMS 0x00000000a2900000, 0x00000000a2900000| Complete 
|   6|0x00000000a2a00000, 0x00000000a2b00000, 0x00000000a2b00000|100%| O|  |TAMS 0x00000000a2a00000, 0x00000000a2a00000| Untracked 
|   7|0x00000000a2b00000, 0x00000000a2c00000, 0x00000000a2c00000|100%| O|  |TAMS 0x00000000a2b00000, 0x00000000a2b00000| Untracked 
|   8|0x00000000a2c00000, 0x00000000a2cf8600, 0x00000000a2d00000| 97%| O|  |TAMS 0x00000000a2c00000, 0x00000000a2c00000| Untracked 
|   9|0x00000000a2d00000, 0x00000000a2d00000, 0x00000000a2e00000|  0%| F|  |TAMS 0x00000000a2d00000, 0x00000000a2d00000| Untracked 
|  10|0x00000000a2e00000, 0x00000000a2e00000, 0x00000000a2f00000|  0%| F|  |TAMS 0x00000000a2e00000, 0x00000000a2e00000| Untracked 
|  11|0x00000000a2f00000, 0x00000000a2f00000, 0x00000000a3000000|  0%| F|  |TAMS 0x00000000a2f00000, 0x00000000a2f00000| Untracked 
|  12|0x00000000a3000000, 0x00000000a3000000, 0x00000000a3100000|  0%| F|  |TAMS 0x00000000a3000000, 0x00000000a3000000| Untracked 
|  13|0x00000000a3100000, 0x00000000a3100000, 0x00000000a3200000|  0%| F|  |TAMS 0x00000000a3100000, 0x00000000a3100000| Untracked 
|  14|0x00000000a3200000, 0x00000000a3200000, 0x00000000a3300000|  0%| F|  |TAMS 0x00000000a3200000, 0x00000000a3200000| Untracked 
|  15|0x00000000a3300000, 0x00000000a3300000, 0x00000000a3400000|  0%| F|  |TAMS 0x00000000a3300000, 0x00000000a3300000| Untracked 
|  16|0x00000000a3400000, 0x00000000a3400000, 0x00000000a3500000|  0%| F|  |TAMS 0x00000000a3400000, 0x00000000a3400000| Untracked 
|  17|0x00000000a3500000, 0x00000000a3500000, 0x00000000a3600000|  0%| F|  |TAMS 0x00000000a3500000, 0x00000000a3500000| Untracked 
|  18|0x00000000a3600000, 0x00000000a3600000, 0x00000000a3700000|  0%| F|  |TAMS 0x00000000a3600000, 0x00000000a3600000| Untracked 
|  19|0x00000000a3700000, 0x00000000a3700000, 0x00000000a3800000|  0%| F|  |TAMS 0x00000000a3700000, 0x00000000a3700000| Untracked 
|  20|0x00000000a3800000, 0x00000000a3800000, 0x00000000a3900000|  0%| F|  |TAMS 0x00000000a3800000, 0x00000000a3800000| Untracked 
|  21|0x00000000a3900000, 0x00000000a3900000, 0x00000000a3a00000|  0%| F|  |TAMS 0x00000000a3900000, 0x00000000a3900000| Untracked 
|  22|0x00000000a3a00000, 0x00000000a3a00000, 0x00000000a3b00000|  0%| F|  |TAMS 0x00000000a3a00000, 0x00000000a3a00000| Untracked 
|  23|0x00000000a3b00000, 0x00000000a3b00000, 0x00000000a3c00000|  0%| F|  |TAMS 0x00000000a3b00000, 0x00000000a3b00000| Untracked 
|  24|0x00000000a3c00000, 0x00000000a3c00000, 0x00000000a3d00000|  0%| F|  |TAMS 0x00000000a3c00000, 0x00000000a3c00000| Untracked 
|  25|0x00000000a3d00000, 0x00000000a3d00000, 0x00000000a3e00000|  0%| F|  |TAMS 0x00000000a3d00000, 0x00000000a3d00000| Untracked 
|  26|0x00000000a3e00000, 0x00000000a3e00000, 0x00000000a3f00000|  0%| F|  |TAMS 0x00000000a3e00000, 0x00000000a3e00000| Untracked 
|  27|0x00000000a3f00000, 0x00000000a3f00000, 0x00000000a4000000|  0%| F|  |TAMS 0x00000000a3f00000, 0x00000000a3f00000| Untracked 
|  28|0x00000000a4000000, 0x00000000a4000000, 0x00000000a4100000|  0%| F|  |TAMS 0x00000000a4000000, 0x00000000a4000000| Untracked 
|  29|0x00000000a4100000, 0x00000000a4100000, 0x00000000a4200000|  0%| F|  |TAMS 0x00000000a4100000, 0x00000000a4100000| Untracked 
|  30|0x00000000a4200000, 0x00000000a4200000, 0x00000000a4300000|  0%| F|  |TAMS 0x00000000a4200000, 0x00000000a4200000| Untracked 
|  31|0x00000000a4300000, 0x00000000a4300000, 0x00000000a4400000|  0%| F|  |TAMS 0x00000000a4300000, 0x00000000a4300000| Untracked 
|  32|0x00000000a4400000, 0x00000000a4400000, 0x00000000a4500000|  0%| F|  |TAMS 0x00000000a4400000, 0x00000000a4400000| Untracked 
|  33|0x00000000a4500000, 0x00000000a4500000, 0x00000000a4600000|  0%| F|  |TAMS 0x00000000a4500000, 0x00000000a4500000| Untracked 
|  34|0x00000000a4600000, 0x00000000a4600000, 0x00000000a4700000|  0%| F|  |TAMS 0x00000000a4600000, 0x00000000a4600000| Untracked 
|  35|0x00000000a4700000, 0x00000000a4700000, 0x00000000a4800000|  0%| F|  |TAMS 0x00000000a4700000, 0x00000000a4700000| Untracked 
|  36|0x00000000a4800000, 0x00000000a4800000, 0x00000000a4900000|  0%| F|  |TAMS 0x00000000a4800000, 0x00000000a4800000| Untracked 
|  37|0x00000000a4900000, 0x00000000a4900000, 0x00000000a4a00000|  0%| F|  |TAMS 0x00000000a4900000, 0x00000000a4900000| Untracked 
|  38|0x00000000a4a00000, 0x00000000a4a00000, 0x00000000a4b00000|  0%| F|  |TAMS 0x00000000a4a00000, 0x00000000a4a00000| Untracked 
|  39|0x00000000a4b00000, 0x00000000a4b00000, 0x00000000a4c00000|  0%| F|  |TAMS 0x00000000a4b00000, 0x00000000a4b00000| Untracked 
|  40|0x00000000a4c00000, 0x00000000a4c00000, 0x00000000a4d00000|  0%| F|  |TAMS 0x00000000a4c00000, 0x00000000a4c00000| Untracked 
|  41|0x00000000a4d00000, 0x00000000a4d00000, 0x00000000a4e00000|  0%| F|  |TAMS 0x00000000a4d00000, 0x00000000a4d00000| Untracked 
|  42|0x00000000a4e00000, 0x00000000a4e00000, 0x00000000a4f00000|  0%| F|  |TAMS 0x00000000a4e00000, 0x00000000a4e00000| Untracked 
|  43|0x00000000a4f00000, 0x00000000a4f00000, 0x00000000a5000000|  0%| F|  |TAMS 0x00000000a4f00000, 0x00000000a4f00000| Untracked 
|  44|0x00000000a5000000, 0x00000000a5000000, 0x00000000a5100000|  0%| F|  |TAMS 0x00000000a5000000, 0x00000000a5000000| Untracked 
|  45|0x00000000a5100000, 0x00000000a5100000, 0x00000000a5200000|  0%| F|  |TAMS 0x00000000a5100000, 0x00000000a5100000| Untracked 
|  46|0x00000000a5200000, 0x00000000a5200000, 0x00000000a5300000|  0%| F|  |TAMS 0x00000000a5200000, 0x00000000a5200000| Untracked 
|  47|0x00000000a5300000, 0x00000000a5300000, 0x00000000a5400000|  0%| F|  |TAMS 0x00000000a5300000, 0x00000000a5300000| Untracked 
|  48|0x00000000a5400000, 0x00000000a5400000, 0x00000000a5500000|  0%| F|  |TAMS 0x00000000a5400000, 0x00000000a5400000| Untracked 
|  49|0x00000000a5500000, 0x00000000a5500000, 0x00000000a5600000|  0%| F|  |TAMS 0x00000000a5500000, 0x00000000a5500000| Untracked 
|  50|0x00000000a5600000, 0x00000000a5600000, 0x00000000a5700000|  0%| F|  |TAMS 0x00000000a5600000, 0x00000000a5600000| Untracked 
|  51|0x00000000a5700000, 0x00000000a5700000, 0x00000000a5800000|  0%| F|  |TAMS 0x00000000a5700000, 0x00000000a5700000| Untracked 
|  52|0x00000000a5800000, 0x00000000a5800000, 0x00000000a5900000|  0%| F|  |TAMS 0x00000000a5800000, 0x00000000a5800000| Untracked 
|  53|0x00000000a5900000, 0x00000000a5900000, 0x00000000a5a00000|  0%| F|  |TAMS 0x00000000a5900000, 0x00000000a5900000| Untracked 
|  54|0x00000000a5a00000, 0x00000000a5a00000, 0x00000000a5b00000|  0%| F|  |TAMS 0x00000000a5a00000, 0x00000000a5a00000| Untracked 
|  55|0x00000000a5b00000, 0x00000000a5b00000, 0x00000000a5c00000|  0%| F|  |TAMS 0x00000000a5b00000, 0x00000000a5b00000| Untracked 
|  56|0x00000000a5c00000, 0x00000000a5c00000, 0x00000000a5d00000|  0%| F|  |TAMS 0x00000000a5c00000, 0x00000000a5c00000| Untracked 
|  57|0x00000000a5d00000, 0x00000000a5d00000, 0x00000000a5e00000|  0%| F|  |TAMS 0x00000000a5d00000, 0x00000000a5d00000| Untracked 
|  58|0x00000000a5e00000, 0x00000000a5e00000, 0x00000000a5f00000|  0%| F|  |TAMS 0x00000000a5e00000, 0x00000000a5e00000| Untracked 
|  59|0x00000000a5f00000, 0x00000000a5f00000, 0x00000000a6000000|  0%| F|  |TAMS 0x00000000a5f00000, 0x00000000a5f00000| Untracked 
|  60|0x00000000a6000000, 0x00000000a6000000, 0x00000000a6100000|  0%| F|  |TAMS 0x00000000a6000000, 0x00000000a6000000| Untracked 
|  61|0x00000000a6100000, 0x00000000a6100000, 0x00000000a6200000|  0%| F|  |TAMS 0x00000000a6100000, 0x00000000a6100000| Untracked 
|  62|0x00000000a6200000, 0x00000000a6200000, 0x00000000a6300000|  0%| F|  |TAMS 0x00000000a6200000, 0x00000000a6200000| Untracked 
|  63|0x00000000a6300000, 0x00000000a6300000, 0x00000000a6400000|  0%| F|  |TAMS 0x00000000a6300000, 0x00000000a6300000| Untracked 
|  64|0x00000000a6400000, 0x00000000a6400000, 0x00000000a6500000|  0%| F|  |TAMS 0x00000000a6400000, 0x00000000a6400000| Untracked 
|  65|0x00000000a6500000, 0x00000000a6500000, 0x00000000a6600000|  0%| F|  |TAMS 0x00000000a6500000, 0x00000000a6500000| Untracked 
|  66|0x00000000a6600000, 0x00000000a6600000, 0x00000000a6700000|  0%| F|  |TAMS 0x00000000a6600000, 0x00000000a6600000| Untracked 
|  67|0x00000000a6700000, 0x00000000a6800000, 0x00000000a6800000|100%| S|CS|TAMS 0x00000000a6700000, 0x00000000a6700000| Complete 
|  68|0x00000000a6800000, 0x00000000a6900000, 0x00000000a6900000|100%| S|CS|TAMS 0x00000000a6800000, 0x00000000a6800000| Complete 
|  69|0x00000000a6900000, 0x00000000a6a00000, 0x00000000a6a00000|100%| S|CS|TAMS 0x00000000a6900000, 0x00000000a6900000| Complete 
|  70|0x00000000a6a00000, 0x00000000a6a00000, 0x00000000a6b00000|  0%| F|  |TAMS 0x00000000a6a00000, 0x00000000a6a00000| Untracked 
|  71|0x00000000a6b00000, 0x00000000a6b00000, 0x00000000a6c00000|  0%| F|  |TAMS 0x00000000a6b00000, 0x00000000a6b00000| Untracked 
|  72|0x00000000a6c00000, 0x00000000a6c00000, 0x00000000a6d00000|  0%| F|  |TAMS 0x00000000a6c00000, 0x00000000a6c00000| Untracked 
|  73|0x00000000a6d00000, 0x00000000a6d00000, 0x00000000a6e00000|  0%| F|  |TAMS 0x00000000a6d00000, 0x00000000a6d00000| Untracked 
|  74|0x00000000a6e00000, 0x00000000a6e84010, 0x00000000a6f00000| 51%| E|  |TAMS 0x00000000a6e00000, 0x00000000a6e00000| Complete 
|  75|0x00000000a6f00000, 0x00000000a7000000, 0x00000000a7000000|100%| E|CS|TAMS 0x00000000a6f00000, 0x00000000a6f00000| Complete 
|  76|0x00000000a7000000, 0x00000000a7100000, 0x00000000a7100000|100%| E|CS|TAMS 0x00000000a7000000, 0x00000000a7000000| Complete 
|  77|0x00000000a7100000, 0x00000000a7200000, 0x00000000a7200000|100%| E|CS|TAMS 0x00000000a7100000, 0x00000000a7100000| Complete 
|  78|0x00000000a7200000, 0x00000000a7300000, 0x00000000a7300000|100%| E|CS|TAMS 0x00000000a7200000, 0x00000000a7200000| Complete 
|  79|0x00000000a7300000, 0x00000000a7400000, 0x00000000a7400000|100%| E|CS|TAMS 0x00000000a7300000, 0x00000000a7300000| Complete 
|  80|0x00000000a7400000, 0x00000000a7500000, 0x00000000a7500000|100%| E|CS|TAMS 0x00000000a7400000, 0x00000000a7400000| Complete 
|  81|0x00000000a7500000, 0x00000000a7600000, 0x00000000a7600000|100%| E|CS|TAMS 0x00000000a7500000, 0x00000000a7500000| Complete 
|  82|0x00000000a7600000, 0x00000000a7700000, 0x00000000a7700000|100%| E|CS|TAMS 0x00000000a7600000, 0x00000000a7600000| Complete 
|  83|0x00000000a7700000, 0x00000000a7800000, 0x00000000a7800000|100%| E|CS|TAMS 0x00000000a7700000, 0x00000000a7700000| Complete 
|  84|0x00000000a7800000, 0x00000000a7900000, 0x00000000a7900000|100%| E|CS|TAMS 0x00000000a7800000, 0x00000000a7800000| Complete 
|  85|0x00000000a7900000, 0x00000000a7a00000, 0x00000000a7a00000|100%| E|CS|TAMS 0x00000000a7900000, 0x00000000a7900000| Complete 
|  86|0x00000000a7a00000, 0x00000000a7b00000, 0x00000000a7b00000|100%| E|CS|TAMS 0x00000000a7a00000, 0x00000000a7a00000| Complete 
|  87|0x00000000a7b00000, 0x00000000a7c00000, 0x00000000a7c00000|100%| E|CS|TAMS 0x00000000a7b00000, 0x00000000a7b00000| Complete 
|  88|0x00000000a7c00000, 0x00000000a7d00000, 0x00000000a7d00000|100%| E|CS|TAMS 0x00000000a7c00000, 0x00000000a7c00000| Complete 
|  89|0x00000000a7d00000, 0x00000000a7e00000, 0x00000000a7e00000|100%| E|CS|TAMS 0x00000000a7d00000, 0x00000000a7d00000| Complete 
|  90|0x00000000a7e00000, 0x00000000a7f00000, 0x00000000a7f00000|100%| E|CS|TAMS 0x00000000a7e00000, 0x00000000a7e00000| Complete 
|  91|0x00000000a7f00000, 0x00000000a8000000, 0x00000000a8000000|100%| E|CS|TAMS 0x00000000a7f00000, 0x00000000a7f00000| Complete 
|  92|0x00000000a8000000, 0x00000000a8100000, 0x00000000a8100000|100%| E|CS|TAMS 0x00000000a8000000, 0x00000000a8000000| Complete 
|  93|0x00000000a8100000, 0x00000000a8200000, 0x00000000a8200000|100%| E|CS|TAMS 0x00000000a8100000, 0x00000000a8100000| Complete 

Card table byte_map: [0x0000024335010000,0x0000024335300000] _byte_map_base: 0x0000024334afe000

Marking Bits (Prev, Next): (CMBitMap*) 0x00000243219beee8, (CMBitMap*) 0x00000243219bef20
 Prev Bits: [0x00000243355f0000, 0x0000024336d60000)
 Next Bits: [0x0000024336d60000, 0x00000243384d0000)

Polling page: 0x000002431f6f0000

Metaspace:

Usage:
  Non-class:     13.24 MB capacity,    13.05 MB ( 99%) used,   181.46 KB (  1%) free+waste,    21.50 KB ( <1%) overhead. 
      Class:      1.80 MB capacity,     1.67 MB ( 93%) used,   120.25 KB (  7%) free+waste,    10.56 KB ( <1%) overhead. 
       Both:     15.04 MB capacity,    14.71 MB ( 98%) used,   301.71 KB (  2%) free+waste,    32.06 KB ( <1%) overhead. 

Virtual space:
  Non-class space:       14.00 MB reserved,      13.25 MB ( 95%) committed 
      Class space:        1.00 GB reserved,       1.88 MB ( <1%) committed 
             Both:        1.01 GB reserved,      15.13 MB (  1%) committed 

Chunk freelists:
   Non-Class:  6.00 KB
       Class:  17.00 KB
        Both:  23.00 KB

MaxMetaspaceSize: 17179869184.00 GB
CompressedClassSpaceSize: 1.00 GB
Initial GC threshold: 20.80 MB
Current GC threshold: 20.80 MB
CDS: off

CodeHeap 'non-profiled nmethods': size=119168Kb used=468Kb max_used=468Kb free=118699Kb
 bounds [0x000002432d040000, 0x000002432d2b0000, 0x00000243344a0000]
CodeHeap 'profiled nmethods': size=119168Kb used=2620Kb max_used=2620Kb free=116547Kb
 bounds [0x0000024325be0000, 0x0000024325e70000, 0x000002432d040000]
CodeHeap 'non-nmethods': size=7424Kb used=2283Kb max_used=2295Kb free=5140Kb
 bounds [0x00000243254a0000, 0x0000024325710000, 0x0000024325be0000]
 total_blobs=1815 nmethods=1395 adapters=331
 compilation: enabled
              stopped_count=0, restarted_count=0
 full_count=0

Compilation events (20 events):
Event: 17.259 Thread 0x000002433ce7f800 1369       3       org.gradle.util.internal.LimitedDescription::append (33 bytes)
Event: 17.259 Thread 0x000002433cd37000 1370       3       java.util.LinkedList::add (32 bytes)
Event: 17.259 Thread 0x000002433b4ba800 1371       3       java.util.LinkedList::linkBefore (63 bytes)
Event: 17.260 Thread 0x000002433b4ba800 nmethod 1371 0x0000024325e5ff10 code [0x0000024325e60100, 0x0000024325e605b8]
Event: 17.260 Thread 0x000002433b4ba800 1372       3       java.util.LinkedList::removeLast (23 bytes)
Event: 17.260 Thread 0x000002433cd37000 nmethod 1370 0x0000024325e60710 code [0x0000024325e60920, 0x0000024325e60e08]
Event: 17.260 Thread 0x000002433cd37000 1373       3       java.util.LinkedList::unlinkLast (64 bytes)
Event: 17.260 Thread 0x000002433b4ba800 nmethod 1372 0x0000024325e61010 code [0x0000024325e611e0, 0x0000024325e61418]
Event: 17.260 Thread 0x000002433ce7f800 nmethod 1369 0x0000024325e61510 code [0x0000024325e61780, 0x0000024325e61f08]
Event: 17.260 Thread 0x000002433cd37000 nmethod 1373 0x0000024325e62210 code [0x0000024325e623e0, 0x0000024325e62678]
Event: 17.260 Thread 0x000002433ce7f800 1374 %     3       sun.nio.cs.SingleByte$Decoder::decodeArrayLoop @ 88 (154 bytes)
Event: 17.261 Thread 0x000002433ce7f800 nmethod 1374% 0x0000024325e62790 code [0x0000024325e62b80, 0x0000024325e64528]
Event: 17.261 Thread 0x000002433b4ba800 1375       3       sun.nio.cs.SingleByte$Decoder::decodeArrayLoop (154 bytes)
Event: 17.262 Thread 0x000002433b4ba800 nmethod 1375 0x0000024325e65010 code [0x0000024325e65400, 0x0000024325e66dc8]
Event: 17.263 Thread 0x000002433cd37000 1376       3       java.lang.StringBuilder::append (8 bytes)
Event: 17.263 Thread 0x000002433cd37000 nmethod 1376 0x0000024325e67890 code [0x0000024325e67a40, 0x0000024325e67b88]
Event: 17.263 Thread 0x000002433ce7f800 1377       3       java.lang.invoke.BootstrapMethodInvoker::maybeReBox (28 bytes)
Event: 17.264 Thread 0x000002433b4ba800 1378       3       jdk.internal.org.objectweb.asm.MethodVisitor::<init> (35 bytes)
Event: 17.264 Thread 0x000002433ce7f800 nmethod 1377 0x0000024325e67c10 code [0x0000024325e67e00, 0x0000024325e683d8]
Event: 17.264 Thread 0x000002433b4ba800 nmethod 1378 0x0000024325e68590 code [0x0000024325e68760, 0x0000024325e68a48]

GC Heap History (2 events):
Event: 1.121 GC heap before
{Heap before GC invocations=0 (full 0):
 garbage-first heap   total 96256K, used 29696K [0x00000000a2400000, 0x0000000100000000)
  region size 1024K, 24 young (24576K), 0 survivors (0K)
 Metaspace       used 10315K, capacity 10542K, committed 10624K, reserved 1058816K
  class space    used 1038K, capacity 1129K, committed 1152K, reserved 1048576K
}
Event: 1.135 GC heap after
{Heap after GC invocations=1 (full 0):
 garbage-first heap   total 96256K, used 9185K [0x00000000a2400000, 0x0000000100000000)
  region size 1024K, 3 young (3072K), 3 survivors (3072K)
 Metaspace       used 10315K, capacity 10542K, committed 10624K, reserved 1058816K
  class space    used 1038K, capacity 1129K, committed 1152K, reserved 1048576K
}

Deoptimization events (20 events):
Event: 1.063 Thread 0x0000024321982000 DEOPT PACKING pc=0x000002432d0826d4 sp=0x0000008a00dfd1b0
Event: 1.063 Thread 0x0000024321982000 DEOPT UNPACKING pc=0x00000243254ea1af sp=0x0000008a00dfd0e8 mode 2
Event: 1.504 Thread 0x0000024321982000 DEOPT PACKING pc=0x0000024325cd5bb0 sp=0x0000008a00df8aa0
Event: 1.504 Thread 0x0000024321982000 DEOPT UNPACKING pc=0x00000243254ea95e sp=0x0000008a00df7fb8 mode 0
Event: 1.517 Thread 0x0000024321982000 Uncommon trap: trap_request=0xffffff4d fr.pc=0x000002432d09a960 relative=0x00000000000001a0
Event: 1.517 Thread 0x0000024321982000 Uncommon trap: reason=unstable_if action=reinterpret pc=0x000002432d09a960 method=java.util.HashMap.getNode(ILjava/lang/Object;)Ljava/util/HashMap$Node; @ 129 c2
Event: 1.517 Thread 0x0000024321982000 DEOPT PACKING pc=0x000002432d09a960 sp=0x0000008a00dfa8a0
Event: 1.517 Thread 0x0000024321982000 DEOPT UNPACKING pc=0x00000243254ea1af sp=0x0000008a00dfa7a0 mode 2
Event: 1.977 Thread 0x0000024321982000 Uncommon trap: trap_request=0xffffff4d fr.pc=0x000002432d094048 relative=0x0000000000001768
Event: 1.977 Thread 0x0000024321982000 Uncommon trap: reason=unstable_if action=reinterpret pc=0x000002432d094048 method=java.io.WinNTFileSystem.normalize(Ljava/lang/String;)Ljava/lang/String; @ 128 c2
Event: 1.977 Thread 0x0000024321982000 DEOPT PACKING pc=0x000002432d094048 sp=0x0000008a00dfa3e0
Event: 1.977 Thread 0x0000024321982000 DEOPT UNPACKING pc=0x00000243254ea1af sp=0x0000008a00dfa3a8 mode 2
Event: 2.930 Thread 0x0000024321982000 Uncommon trap: trap_request=0xffffff4d fr.pc=0x000002432d077c7c relative=0x000000000000053c
Event: 2.930 Thread 0x0000024321982000 Uncommon trap: reason=unstable_if action=reinterpret pc=0x000002432d077c7c method=java.lang.AbstractStringBuilder.append(Ljava/lang/String;)Ljava/lang/AbstractStringBuilder; @ 1 c2
Event: 2.930 Thread 0x0000024321982000 DEOPT PACKING pc=0x000002432d077c7c sp=0x0000008a00dfc750
Event: 2.930 Thread 0x0000024321982000 DEOPT UNPACKING pc=0x00000243254ea1af sp=0x0000008a00dfc6c0 mode 2
Event: 2.930 Thread 0x0000024321982000 Uncommon trap: trap_request=0xffffff4d fr.pc=0x000002432d078f68 relative=0x0000000000000528
Event: 2.930 Thread 0x0000024321982000 Uncommon trap: reason=unstable_if action=reinterpret pc=0x000002432d078f68 method=java.lang.AbstractStringBuilder.append(Ljava/lang/String;)Ljava/lang/AbstractStringBuilder; @ 1 c2
Event: 2.930 Thread 0x0000024321982000 DEOPT PACKING pc=0x000002432d078f68 sp=0x0000008a00dfc6f0
Event: 2.930 Thread 0x0000024321982000 DEOPT UNPACKING pc=0x00000243254ea1af sp=0x0000008a00dfc6c8 mode 2

Classes redefined (0 events):
No events

Internal exceptions (17 events):
Event: 0.278 Thread 0x0000024321982000 Exception <a 'java/lang/NoSuchMethodError'{0x00000000a809f408}: 'int java.lang.invoke.DirectMethodHandle$Holder.invokeSpecialIFC(java.lang.Object, java.lang.Object, int)'> (0x00000000a809f408) thrown at [./src/hotspot/share/interpreter/linkResolver.cpp, line 773]
Event: 0.376 Thread 0x0000024321982000 Exception <a 'java/lang/NoSuchMethodError'{0x00000000a7ea00c0}: 'int java.lang.invoke.DirectMethodHandle$Holder.invokeStaticInit(java.lang.Object, java.lang.Object)'> (0x00000000a7ea00c0) thrown at [./src/hotspot/share/interpreter/linkResolver.cpp, line 773]
Event: 0.420 Thread 0x0000024321982000 Exception <a 'java/lang/NoSuchMethodError'{0x00000000a7d696f8}: 'int java.lang.invoke.DirectMethodHandle$Holder.invokeSpecial(java.lang.Object, java.lang.Object, java.lang.Object, java.lang.Object)'> (0x00000000a7d696f8) thrown at [./src/hotspot/share/interpreter/linkResolver.cpp, line 773]
Event: 1.063 Thread 0x0000024321982000 Implicit null exception at 0x000002432d0824f5 to 0x000002432d0826c4
Event: 1.102 Thread 0x0000024321982000 Exception <a 'java/lang/NoClassDefFoundError'{0x00000000a6a3fcb0}: org/slf4j/impl/StaticMarkerBinder> (0x00000000a6a3fcb0) thrown at [./src/hotspot/share/classfile/systemDictionary.cpp, line 220]
Event: 1.149 Thread 0x0000024321982000 Exception <a 'java/lang/NoSuchMethodError'{0x00000000a8135180}: 'java.lang.Object java.lang.invoke.DirectMethodHandle$Holder.invokeVirtual(java.lang.Object, java.lang.Object, java.lang.Object, java.lang.Object, java.lang.Object, java.lang.Object, java.lang.Object)'> (0x00000000a8135180) thrown at [./src/hotspot/share/interpreter/linkResolver.cpp, line 773]
Event: 1.152 Thread 0x0000024321982000 Exception <a 'java/lang/NoSuchMethodError'{0x00000000a8148c90}: 'java.lang.Object java.lang.invoke.Invokers$Holder.invoker(java.lang.Object, java.lang.Object, java.lang.Object)'> (0x00000000a8148c90) thrown at [./src/hotspot/share/interpreter/linkResolver.cpp, line 773]
Event: 1.156 Thread 0x0000024321982000 Exception <a 'java/lang/NoSuchMethodError'{0x00000000a8159a58}: 'void java.lang.invoke.DelegatingMethodHandle$Holder.delegate(java.lang.Object, java.lang.Object, int, java.lang.Object)'> (0x00000000a8159a58) thrown at [./src/hotspot/share/interpreter/linkResolver.cpp, line 773]
Event: 1.329 Thread 0x0000024321982000 Exception <a 'java/lang/NoSuchMethodError'{0x00000000a7a6b8b0}: 'java.lang.Object java.lang.invoke.DirectMethodHandle$Holder.invokeInterface(java.lang.Object, java.lang.Object, java.lang.Object)'> (0x00000000a7a6b8b0) thrown at [./src/hotspot/share/interpreter/linkResolver.cpp, line 773]
Event: 1.417 Thread 0x0000024321982000 Exception <a 'java/lang/NoSuchMethodError'{0x00000000a7708e90}: 'java.lang.Object java.lang.invoke.DirectMethodHandle$Holder.invokeStaticInit(java.lang.Object, java.lang.Object, java.lang.Object)'> (0x00000000a7708e90) thrown at [./src/hotspot/share/interpreter/linkResolver.cpp, line 773]
Event: 1.537 Thread 0x0000024321982000 Exception <a 'java/lang/NoSuchMethodError'{0x00000000a73da8e0}: 'java.lang.Object java.lang.invoke.DirectMethodHandle$Holder.invokeStaticInit(java.lang.Object, int, int, int, int)'> (0x00000000a73da8e0) thrown at [./src/hotspot/share/interpreter/linkResolver.cpp, line 773]
Event: 2.006 Thread 0x0000024321982000 Exception <a 'java/lang/NoSuchMethodError'{0x00000000a72a97a0}: 'java.lang.Object java.lang.invoke.DirectMethodHandle$Holder.invokeStaticInit(java.lang.Object, java.lang.Object, int, int, int, int)'> (0x00000000a72a97a0) thrown at [./src/hotspot/share/interpreter/linkResolver.cpp, line 773]
Event: 2.930 Thread 0x0000024321982000 Implicit null exception at 0x000002432d077774 to 0x000002432d077c64
Event: 2.930 Thread 0x0000024321982000 Implicit null exception at 0x000002432d078a74 to 0x000002432d078f50
Event: 17.252 Thread 0x0000024321982000 Exception <a 'java/io/IOException'{0x00000000a70e5e68}> (0x00000000a70e5e68) thrown at [./src/hotspot/share/prims/jni.cpp, line 616]
Event: 17.264 Thread 0x0000024321982000 Exception <a 'java/lang/NoSuchMethodError'{0x00000000a6e42408}: 'int java.lang.invoke.DirectMethodHandle$Holder.invokeVirtual(java.lang.Object, java.lang.Object)'> (0x00000000a6e42408) thrown at [./src/hotspot/share/interpreter/linkResolver.cpp, line 773]
Event: 17.268 Thread 0x000002433cc21800 Exception <a 'java/io/IOException'{0x00000000a6f02b60}> (0x00000000a6f02b60) thrown at [./src/hotspot/share/prims/jni.cpp, line 616]

Events (20 events):
Event: 17.253 Executing VM operation: RevokeBias done
Event: 17.253 loading class org/slf4j/helpers/FormattingTuple
Event: 17.253 loading class org/slf4j/helpers/FormattingTuple done
Event: 17.253 Executing VM operation: RevokeBias
Event: 17.254 Executing VM operation: RevokeBias done
Event: 17.255 loading class org/gradle/util/internal/LimitedDescription
Event: 17.255 loading class org/gradle/util/internal/LimitedDescription done
Event: 17.261 loading class com/google/common/collect/Lists$ReverseList
Event: 17.261 loading class com/google/common/collect/Lists$ReverseList done
Event: 17.262 loading class com/google/common/collect/Lists$ReverseList$1
Event: 17.262 loading class com/google/common/collect/Lists$ReverseList$1 done
Event: 17.266 loading class org/gradle/internal/logging/ConsoleRenderer
Event: 17.266 loading class org/gradle/internal/logging/ConsoleRenderer done
Event: 17.269 Executing VM operation: RevokeBias
Event: 17.269 Executing VM operation: RevokeBias done
Event: 17.270 Thread 0x000002433cc21800 Thread exited: 0x000002433cc21800
Event: 17.270 loading class org/gradle/internal/remote/internal/inet/SocketConnection$1
Event: 17.270 loading class org/gradle/internal/remote/internal/inet/SocketConnection$1 done
Event: 17.272 loading class java/util/concurrent/ConcurrentLinkedQueue$Itr
Event: 17.272 loading class java/util/concurrent/ConcurrentLinkedQueue$Itr done


Dynamic libraries:
0x00007ff7f1710000 - 0x00007ff7f171a000 	C:\Program Files\Android\Android Studio2\jre\bin\java.exe
0x00007ffb46cd0000 - 0x00007ffb46ec4000 	C:\Windows\SYSTEM32\ntdll.dll
0x00007ffb18c50000 - 0x00007ffb18c67000 	C:\Program Files\Avast Software\Avast\aswhook.dll
0x00007ffb451e0000 - 0x00007ffb4529d000 	C:\Windows\System32\KERNEL32.DLL
0x00007ffb44940000 - 0x00007ffb44c07000 	C:\Windows\System32\KERNELBASE.dll
0x00007ffb44c10000 - 0x00007ffb44d10000 	C:\Windows\System32\ucrtbase.dll
0x00007ffb0a070000 - 0x00007ffb0a089000 	C:\Program Files\Android\Android Studio2\jre\bin\jli.dll
0x00007ffb0a040000 - 0x00007ffb0a057000 	C:\Program Files\Android\Android Studio2\jre\bin\VCRUNTIME140.dll
0x00007ffb463d0000 - 0x00007ffb46570000 	C:\Windows\System32\USER32.dll
0x00007ffb31fb0000 - 0x00007ffb3224a000 	C:\Windows\WinSxS\amd64_microsoft.windows.common-controls_6595b64144ccf1df_6.0.19041.1_none_b555e41d4684ddec\COMCTL32.dll
0x00007ffb446d0000 - 0x00007ffb446f2000 	C:\Windows\System32\win32u.dll
0x00007ffb46bf0000 - 0x00007ffb46c8e000 	C:\Windows\System32\msvcrt.dll
0x00007ffb46390000 - 0x00007ffb463ba000 	C:\Windows\System32\GDI32.dll
0x00007ffb44830000 - 0x00007ffb44939000 	C:\Windows\System32\gdi32full.dll
0x00007ffb444d0000 - 0x00007ffb4456d000 	C:\Windows\System32\msvcp_win.dll
0x00007ffb45790000 - 0x00007ffb457c0000 	C:\Windows\System32\IMM32.DLL
0x00007ffaff5a0000 - 0x00007ffaff63d000 	C:\Program Files\Android\Android Studio2\jre\bin\msvcp140.dll
0x00007ffac73b0000 - 0x00007ffac7eb2000 	C:\Program Files\Android\Android Studio2\jre\bin\server\jvm.dll
0x00007ffb45470000 - 0x00007ffb4551a000 	C:\Windows\System32\ADVAPI32.dll
0x00007ffb450b0000 - 0x00007ffb4514b000 	C:\Windows\System32\sechost.dll
0x00007ffb44f80000 - 0x00007ffb450a3000 	C:\Windows\System32\RPCRT4.dll
0x00007ffb463c0000 - 0x00007ffb463c8000 	C:\Windows\System32\PSAPI.DLL
0x00007ffb2eaf0000 - 0x00007ffb2eaf9000 	C:\Windows\SYSTEM32\WSOCK32.dll
0x00007ffb452a0000 - 0x00007ffb4530b000 	C:\Windows\System32\WS2_32.dll
0x00007ffb3c650000 - 0x00007ffb3c65a000 	C:\Windows\SYSTEM32\VERSION.dll
0x00007ffb38a30000 - 0x00007ffb38a57000 	C:\Windows\SYSTEM32\WINMM.dll
0x00007ffb42370000 - 0x00007ffb42383000 	C:\Windows\SYSTEM32\kernel.appcore.dll
0x00007ffb30080000 - 0x00007ffb30091000 	C:\Program Files\Android\Android Studio2\jre\bin\verify.dll
0x00007ffb3be30000 - 0x00007ffb3c014000 	C:\Windows\SYSTEM32\DBGHELP.DLL
0x00007ffb31df0000 - 0x00007ffb31e1c000 	C:\Windows\SYSTEM32\dbgcore.DLL
0x00007ffb44700000 - 0x00007ffb4477f000 	C:\Windows\System32\bcryptPrimitives.dll
0x00007ffb30050000 - 0x00007ffb30079000 	C:\Program Files\Android\Android Studio2\jre\bin\java.dll
0x00007ffb3dde0000 - 0x00007ffb3ddeb000 	C:\Program Files\Android\Android Studio2\jre\bin\jimage.dll
0x00007ffb1dcc0000 - 0x00007ffb1dcd8000 	C:\Program Files\Android\Android Studio2\jre\bin\zip.dll
0x00007ffb45c50000 - 0x00007ffb46381000 	C:\Windows\System32\SHELL32.dll
0x00007ffb42570000 - 0x00007ffb42cfa000 	C:\Windows\SYSTEM32\windows.storage.dll
0x00007ffb45890000 - 0x00007ffb45be4000 	C:\Windows\System32\combase.dll
0x00007ffb43dd0000 - 0x00007ffb43dfb000 	C:\Windows\SYSTEM32\Wldp.dll
0x00007ffb44d40000 - 0x00007ffb44dee000 	C:\Windows\System32\SHCORE.dll
0x00007ffb45530000 - 0x00007ffb45585000 	C:\Windows\System32\shlwapi.dll
0x00007ffb44360000 - 0x00007ffb4437f000 	C:\Windows\SYSTEM32\profapi.dll
0x00007ffb1a2d0000 - 0x00007ffb1a2ea000 	C:\Program Files\Android\Android Studio2\jre\bin\net.dll
0x00007ffb3c7a0000 - 0x00007ffb3c8a0000 	C:\Windows\SYSTEM32\WINHTTP.dll
0x00007ffb43bc0000 - 0x00007ffb43c2a000 	C:\Windows\system32\mswsock.dll
0x00007ffb193a0000 - 0x00007ffb193b4000 	C:\Program Files\Android\Android Studio2\jre\bin\nio.dll
0x00007ffb302f0000 - 0x00007ffb30317000 	C:\Users\MBR\.gradle\native\e1d6ef7f7dcc3fd88c89a11ec53ec762bb8ba0a96d01ffa2cd45eb1d1d8dd5c5\windows-amd64\native-platform.dll
0x00007ffb3c990000 - 0x00007ffb3c99a000 	C:\Program Files\Android\Android Studio2\jre\bin\management.dll
0x00007ffb3c380000 - 0x00007ffb3c38d000 	C:\Program Files\Android\Android Studio2\jre\bin\management_ext.dll
0x00007ffb43e10000 - 0x00007ffb43e28000 	C:\Windows\SYSTEM32\CRYPTSP.dll
0x00007ffb43500000 - 0x00007ffb43534000 	C:\Windows\system32\rsaenh.dll
0x00007ffb44d10000 - 0x00007ffb44d37000 	C:\Windows\System32\bcrypt.dll
0x00007ffb442e0000 - 0x00007ffb4430e000 	C:\Windows\SYSTEM32\USERENV.dll
0x00007ffb43d40000 - 0x00007ffb43d4c000 	C:\Windows\SYSTEM32\CRYPTBASE.dll
0x00007ffb43880000 - 0x00007ffb438bb000 	C:\Windows\SYSTEM32\IPHLPAPI.DLL
0x00007ffb45150000 - 0x00007ffb45159000 	C:\Windows\System32\NSI.dll
0x00007ffb3cde0000 - 0x00007ffb3cdf7000 	C:\Windows\SYSTEM32\dhcpcsvc6.DLL
0x00007ffb3d1f0000 - 0x00007ffb3d20d000 	C:\Windows\SYSTEM32\dhcpcsvc.DLL
0x00007ffb438d0000 - 0x00007ffb4399a000 	C:\Windows\SYSTEM32\DNSAPI.dll

dbghelp: loaded successfully - version: 4.0.5 - missing functions: none
symbol engine: initialized successfully - sym options: 0x614 - pdb path: .;C:\Program Files\Android\Android Studio2\jre\bin;C:\Windows\SYSTEM32;C:\Program Files\Avast Software\Avast;C:\Windows\WinSxS\amd64_microsoft.windows.common-controls_6595b64144ccf1df_6.0.19041.1_none_b555e41d4684ddec;C:\Program Files\Android\Android Studio2\jre\bin\server;C:\Users\MBR\.gradle\native\e1d6ef7f7dcc3fd88c89a11ec53ec762bb8ba0a96d01ffa2cd45eb1d1d8dd5c5\windows-amd64

VM Arguments:
jvm_args: -Dorg.gradle.appname=gradlew 
java_command: org.gradle.wrapper.GradleWrapperMain -q -Ptarget-platform=android-x86 -Ptarget=F:\Desktop\FLUTTER_NewsApp-master\lib\main.dart -Pbase-application-name=android.app.Application -Pdart-defines=Zmx1dHRlci5pbnNwZWN0b3Iuc3RydWN0dXJlZEVycm9ycz10cnVl,RkxVVFRFUl9XRUJfQVVUT19ERVRFQ1Q9dHJ1ZQ== -Pdart-obfuscation=false -Ptrack-widget-creation=true -Ptree-shake-icons=false -Pfilesystem-scheme=org-dartlang-root assembleDebug
java_class_path (initial): F:\Desktop\FLUTTER_NewsApp-master\android\\gradle\wrapper\gradle-wrapper.jar
Launcher Type: SUN_STANDARD

[Global flags]
     intx CICompilerCount                          = 12                                        {product} {ergonomic}
     uint ConcGCThreads                            = 3                                         {product} {ergonomic}
     uint G1ConcRefinementThreads                  = 13                                        {product} {ergonomic}
   size_t G1HeapRegionSize                         = 1048576                                   {product} {ergonomic}
    uintx GCDrainStackTargetSize                   = 64                                        {product} {ergonomic}
   size_t InitialHeapSize                          = 98566144                                  {product} {ergonomic}
   size_t MarkStackSize                            = 4194304                                   {product} {ergonomic}
   size_t MaxHeapSize                              = 1572864000                                {product} {ergonomic}
   size_t MaxNewSize                               = 943718400                                 {product} {ergonomic}
   size_t MinHeapDeltaBytes                        = 1048576                                   {product} {ergonomic}
    uintx NonNMethodCodeHeapSize                   = 7594288                                {pd product} {ergonomic}
    uintx NonProfiledCodeHeapSize                  = 122031976                              {pd product} {ergonomic}
    uintx ProfiledCodeHeapSize                     = 122031976                              {pd product} {ergonomic}
    uintx ReservedCodeCacheSize                    = 251658240                              {pd product} {ergonomic}
     bool SegmentedCodeCache                       = true                                      {product} {ergonomic}
     bool UseCompressedClassPointers               = true                                 {lp64_product} {ergonomic}
     bool UseCompressedOops                        = true                                 {lp64_product} {ergonomic}
     bool UseG1GC                                  = true                                      {product} {ergonomic}
     bool UseLargePagesIndividualAllocation        = false                                  {pd product} {ergonomic}

Logging:
Log output configuration:
 #0: stdout all=warning uptime,level,tags
 #1: stderr all=off uptime,level,tags

Environment Variables:
JAVA_HOME=C:\Program Files\Android\Android Studio2\jre
CLASSPATH=F:\Desktop\FLUTTER_NewsApp-master\android\\gradle\wrapper\gradle-wrapper.jar
PATH=C:\Program Files\NVIDIA GPU Computing Toolkit\CUDA\v11.7\bin;C:\Program Files\NVIDIA GPU Computing Toolkit\CUDA\v11.7\libnvvp;C:\Program Files\Common Files\Oracle\Java\javapath;C:\Program Files (x86)\Common Files\Oracle\Java\javapath;C:\Program Files\Java\jdk-18\bin;C:\Program Files\nodejs\;C:\Program Files\NVIDIA Corporation\NVIDIA NvDLISR;C:\Program Files\dotnet\;C:\Program Files\Git\cmd;C:\MinGW\bin;C:\Program Files\Git LFS;C:\Program Files\CMake\bin;C:\Program Files\NVIDIA Corporation\Nsight Compute 2022.2.1\;C:\src\flutter\bin;C:\Windows\System32;C:\Program Files\Git\bin\git.exe;C:\Program Files\Git\cmd;C:\Windows\System32\WindowsPowerShell\v1.0;C:\src\flutter\bin;C:\Users\MBR\AppData\Local\GitHubDesktop\bin;C:\Users\MBR\AppData\Local\Programs\Microsoft VS Code\bin;C:\MinGW\bin;C:\cygwin64\bin;C:\Program Files\NVIDIA GPU Computing Toolkit\CUDA\v11.7\bin;C:\Program Files\NVIDIA GPU Computing Toolkit\CUDA\v11.7\libnvvp;C:\Program Files\Common Files\Oracle\Java\javapath;C:\Program Files (x86)\Common Files\Oracle\Java\javapath;C:\Program Files\Java\jdk-18\bin;C:\Program Files\nodejs\;C:\Program Files\NVIDIA Corporation\NVIDIA NvDLISR;C:\Program Files\dotnet\;C:\Program Files\Git\cmd;C:\Program Files\Git LFS;C:\Program Files\CMake\bin;C:\Program Files\NVIDIA Corporation\Nsight Compute 2022.2.1\;C:\Windows\System32;C:\Program Files\Git\bin\git.exe;C:\Program Files\Git\cmd;C:\Windows\System32\WindowsPowerShell\v1.0;C:\Users\MBR\AppData\Local\GitHubDesktop\bin;C:\Users\MBR\AppData\Local\Programs\Microsoft VS Code\bin;E:\Programs\eclipse;;C:\src\flutter\bin\mingit\cmd
USERNAME=MBR
OS=Windows_NT
PROCESSOR_IDENTIFIER=AMD64 Family 25 Model 80 Stepping 0, AuthenticAMD



---------------  S Y S T E M  ---------------

OS: Windows 10 , 64 bit Build 19041 (10.0.19041.207)
OS uptime: 0 days 6:06 hours
Hyper-V role detected

CPU:total 16 (initial active 16) (16 cores per cpu, 2 threads per core) family 25 model 80 stepping 0 microcode 0x0, cmov, cx8, fxsr, mmx, sse, sse2, sse3, ssse3, sse4.1, sse4.2, popcnt, avx, avx2, aes, clmul, erms, mmxext, 3dnowpref, lzcnt, sse4a, ht, tsc, tscinvbit, tscinv, bmi1, bmi2, adx, sha, fma

Memory: 4k page, system-wide physical 5996M (517M free)
TotalPageFile size 24428M (AvailPageFile size 0M)
current process WorkingSet (physical memory assigned to process): 97M, peak: 97M
current process commit charge ("private bytes"): 204M, peak: 205M

vm_info: OpenJDK 64-Bit Server VM (11.0.13+0-b1751.21-8125866) for windows-amd64 JRE (11.0.13+0-b1751.21-8125866), built on Feb  2 2022 03:00:22 by "builder" with MS VC++ 14.0 (VS2015)

END.
